2016年2月15日 星期一下午 7:10:19 [DEBUG]	InvokeAction [post]		file:///D:/MyGithubProj/MyGitHubProj/HtmlForm/HtmlForm/bin/views/busintf/billQuery.html?begdat=&enddat=&purunit=&mainonly=true&cmd=querybills&invoke=queryCallback
2016年2月15日 星期一下午 7:10:20 [DEBUG]	InvokeAction [post]		file:///D:/MyGithubProj/MyGitHubProj/HtmlForm/HtmlForm/bin/views/busintf/billQuery.html?cmd=popup&file=billDetail.html&width=1200&height=660
2016年2月15日 星期一下午 7:10:21 [DEBUG]	InvokeAction [post]		file:///D:/MyGithubProj/MyGitHubProj/HtmlForm/HtmlForm/bin/views/busintf/billDetail.html?cmd=querybills&invoke=showBillDetail&main=true
2016年2月15日 星期一下午 7:10:24 [DEBUG]	InvokeAction [post]		file:///D:/MyGithubProj/MyGitHubProj/HtmlForm/HtmlForm/bin/views/busintf/billDetail.html?cmd=billdetail&seqnbr=635909754811045749
2016年2月15日 星期一下午 7:10:25 [DEBUG]	InvokeAction [post]		file:///D:/MyGithubProj/MyGitHubProj/HtmlForm/HtmlForm/bin/views/busintf/billDetail.html?pagecode=1&mobile=123&purunit=健健&date=2016年2月13日%20星期六&cmd=printbill&opr=0001&totalamt=264.00元%20%20%20%20（大写:贰佰陆拾肆元整）
2016年2月20日 星期六上午 12:02:50 [DEBUG]	InvokeAction [post]		file:///D:/MyGithubProj/MyGitHubProj/HtmlForm/HtmlForm/bin/views/busintf/billQuery.html?begdat=&enddat=&purunit=&mainonly=true&cmd=querybills&invoke=queryCallback
2016年2月20日 星期六上午 12:02:54 [DEBUG]	InvokeAction [post]		file:///D:/MyGithubProj/MyGitHubProj/HtmlForm/HtmlForm/bin/views/busintf/billQuery.html?cmd=popup&file=billDetail.html&width=1200&height=660
2016年2月20日 星期六上午 12:02:55 [DEBUG]	InvokeAction [post]		file:///D:/MyGithubProj/MyGitHubProj/HtmlForm/HtmlForm/bin/views/busintf/billDetail.html?cmd=querybills&invoke=showBillDetail&main=true
2016年2月20日 星期六上午 12:02:57 [DEBUG]	InvokeAction [post]		file:///D:/MyGithubProj/MyGitHubProj/HtmlForm/HtmlForm/bin/views/busintf/billDetail.html?cmd=billdetail&seqnbr=635909754811045749
2016年2月20日 星期六上午 12:05:53 [DEBUG]	InvokeAction [post]		file:///D:/MyGithubProj/MyGitHubProj/HtmlForm/HtmlForm/bin/views/busintf/billQuery.html?cmd=popup&file=billDetail.html&width=1200&height=660
2016年2月20日 星期六上午 12:05:54 [DEBUG]	InvokeAction [post]		file:///D:/MyGithubProj/MyGitHubProj/HtmlForm/HtmlForm/bin/views/busintf/billDetail.html?cmd=querybills&invoke=showBillDetail&main=true
2016年2月20日 星期六上午 12:05:55 [DEBUG]	InvokeAction [post]		file:///D:/MyGithubProj/MyGitHubProj/HtmlForm/HtmlForm/bin/views/busintf/billDetail.html?cmd=billdetail&seqnbr=635909754811045749
2016年2月20日 星期六上午 12:05:56 [DEBUG]	InvokeAction [post]		file:///D:/MyGithubProj/MyGitHubProj/HtmlForm/HtmlForm/bin/views/busintf/billDetail.html?pagecode=1&mobile=123&purunit=健健&date=2016年2月13日%20星期六&cmd=printbill&opr=0001&totalamt=264.00元%20%20%20%20（大写:贰佰陆拾肆元整）
2016年2月20日 星期六上午 12:06:20 [DEBUG]	InvokeAction [post]		file:///D:/MyGithubProj/MyGitHubProj/HtmlForm/HtmlForm/bin/views/busintf/billDetail.html?pagecode=1&mobile=123&purunit=健健&date=2016年2月13日%20星期六&cmd=printbill&opr=0001&totalamt=264.00元%20%20%20%20（大写:贰佰陆拾肆元整）
2016年2月20日 星期六上午 12:19:55 [DEBUG]	InvokeAction [post]		file:///D:/MyGithubProj/MyGitHubProj/HtmlForm/HtmlForm/bin/views/busintf/billQuery.html?cmd=popup&file=billDetail.html&width=1200&height=660
2016年2月20日 星期六上午 12:19:55 [DEBUG]	InvokeAction [post]		file:///D:/MyGithubProj/MyGitHubProj/HtmlForm/HtmlForm/bin/views/busintf/billDetail.html?cmd=querybills&invoke=showBillDetail&main=true
2016年2月20日 星期六上午 12:19:56 [DEBUG]	InvokeAction [post]		file:///D:/MyGithubProj/MyGitHubProj/HtmlForm/HtmlForm/bin/views/busintf/billDetail.html?cmd=billdetail&seqnbr=635909754811045749
2016年2月20日 星期六上午 12:20:06 [DEBUG]	InvokeAction [post]		file:///D:/MyGithubProj/MyGitHubProj/HtmlForm/HtmlForm/bin/views/busintf/billQuery.html?cmd=popup&file=bill.html&width=1080&height=600
2016年2月20日 星期六上午 12:20:07 [DEBUG]	InvokeAction [post]		file:///D:/MyGithubProj/MyGitHubProj/HtmlForm/HtmlForm/bin/views/busintf/bill.html?cmd=initbillinfo&invoke=setBillnfo&id=18
2016年2月20日 星期六上午 12:20:07 [DEBUG]	InvokeAction [post]		file:///D:/MyGithubProj/MyGitHubProj/HtmlForm/HtmlForm/bin/views/busintf/bill.html?cmd=select&table=bills&fields=id,operator,payer,mobile,purunit,pagecode&invoke=returnJson&limit=id%3d18
2016年2月20日 星期六上午 12:22:23 [DEBUG]	InvokeAction [post]		file:///D:/MyGithubProj/MyGitHubProj/HtmlForm/HtmlForm/bin/views/busintf/usr.html?cmd=queryroleinfo&invoke=setName
2016年2月20日 星期六上午 12:22:32 [DEBUG]	InvokeAction [post]		file:///D:/MyGithubProj/MyGitHubProj/HtmlForm/HtmlForm/bin/views/busintf/products.html?cmd=queryroleinfo&invoke=SetRoleView
2016年2月20日 星期六上午 12:22:35 [DEBUG]	InvokeAction		receipt://default/select?table=products&fields=id,status,productid,innerid,colornum,size,name,price,cost,storenum,packagenum,position,picture&invoke=ReturnJson&limit=status!%3d1%20order%20by%20actcnt%20desc
2016年2月20日 星期六上午 12:22:50 [DEBUG]	InvokeAction [post]		file:///D:/MyGithubProj/MyGitHubProj/HtmlForm/HtmlForm/bin/views/busintf/billQuery.html?cmd=popup&file=billDetail.html&width=1200&height=660
2016年2月20日 星期六上午 12:22:50 [DEBUG]	InvokeAction [post]		file:///D:/MyGithubProj/MyGitHubProj/HtmlForm/HtmlForm/bin/views/busintf/billDetail.html?cmd=querybills&invoke=showBillDetail&main=true
2016年2月20日 星期六上午 12:22:57 [DEBUG]	InvokeAction [post]		file:///D:/MyGithubProj/MyGitHubProj/HtmlForm/HtmlForm/bin/views/busintf/billDetail.html?cmd=billdetail&seqnbr=635909754811045749
2016年2月20日 星期六下午 4:23:50 [ERROR]	Concurrency violation: the UpdateCommand affected 0 of the expected 1 records.		Adapter Update
2016年2月20日 星期六下午 4:27:32 [ERROR]	Concurrency violation: the UpdateCommand affected 0 of the expected 1 records.		Adapter Update
2016年2月20日 星期六下午 4:28:12 [ERROR]	Concurrency violation: the UpdateCommand affected 0 of the expected 1 records.		Adapter Update
2016年2月20日 星期六下午 4:48:41 [ERROR]	加载Action失败！		Action:defaultAction执行default时发生内部错误
Input string was not in a correct format.
2016年2月20日 星期六下午 4:49:59 [ERROR]	加载Action失败！		Action:defaultAction执行default时发生内部错误
Input string was not in a correct format.
2016年2月20日 星期六下午 4:50:23 [ERROR]	加载Action失败！		Action:defaultAction执行default时发生内部错误
Input string was not in a correct format.
2016年2月20日 星期六下午 5:50:48 [WARM]	不存在事务上下文		
2016年2月20日 星期六下午 10:18:46 [WARM]	不存在事务上下文		
2016年2月20日 星期六下午 10:19:49 [ERROR]	加载Action失败！		Action:defaultAction执行default时发生内部错误
Object reference not set to an instance of an object.
2016年2月20日 星期六下午 10:20:41 [ERROR]	加载Action失败！		Action:defaultAction执行default时发生内部错误
Object reference not set to an instance of an object.
2016年2月20日 星期六下午 10:22:26 [ERROR]	加载Action失败！		Action:defaultAction执行default时发生内部错误
Object reference not set to an instance of an object.
2016年2月20日 星期六下午 11:04:25 [WARM]	不存在事务上下文		
2016年2月20日 星期六下午 11:08:27 [ERROR]	加载Action失败！		Action:defaultAction执行default时发生内部错误
You have an error in your SQL syntax; check the manual that corresponds to your MySQL server version for the right syntax to use near 'OR pid= ORDER BY seqnbr DESC' at line 1
2016年2月20日 星期六下午 11:13:27 [ERROR]	加载Action失败！		Action:defaultAction执行default时发生内部错误
You have an error in your SQL syntax; check the manual that corresponds to your MySQL server version for the right syntax to use near 'OR pid= ORDER BY seqnbr DESC' at line 1
2016年2月20日 星期六下午 11:13:56 [ERROR]	加载Action失败！		Action:defaultAction执行default时发生内部错误
You have an error in your SQL syntax; check the manual that corresponds to your MySQL server version for the right syntax to use near 'OR pid= ORDER BY seqnbr DESC' at line 1
2016年2月20日 星期六下午 11:24:22 [ERROR]	加载Action失败！		Action:defaultAction执行default时发生内部错误
You have an error in your SQL syntax; check the manual that corresponds to your MySQL server version for the right syntax to use near 'OR pid= ORDER BY seqnbr DESC' at line 1
2016年2月20日 星期六下午 11:25:30 [ERROR]	加载Action失败！		Action:defaultAction执行default时发生内部错误
You have an error in your SQL syntax; check the manual that corresponds to your MySQL server version for the right syntax to use near 'OR pid= ORDER BY seqnbr DESC' at line 1
2016年2月20日 星期六下午 11:28:11 [ERROR]	加载Action失败！		Action:defaultAction执行default时发生内部错误
You have an error in your SQL syntax; check the manual that corresponds to your MySQL server version for the right syntax to use near 'OR pid= ORDER BY seqnbr DESC' at line 1
2016年2月20日 星期六下午 11:28:33 [ERROR]	加载Action失败！		Action:defaultAction执行default时发生内部错误
You have an error in your SQL syntax; check the manual that corresponds to your MySQL server version for the right syntax to use near 'OR pid= ORDER BY seqnbr DESC' at line 1
